Arguments: 
  C:\Program Files\nodejs\node.exe C:\Users\lucas\AppData\Roaming\npm\node_modules\yarn\bin\yarn.js init -Y

PATH: 
  C:\Python27\;C:\Python27\Scripts;C:\Python38\Scripts\;C:\Python38\;C:\Program Files (x86)\Razer Chroma SDK\bin;C:\Program Files\Razer Chroma SDK\bin;C:\Program Files (x86)\Common Files\Oracle\Java\javapath;C:\Windows\system32;C:\Windows;C:\Windows\System32\Wbem;C:\Windows\System32\WindowsPowerShell\v1.0\;C:\Windows\System32\OpenSSH\;C:\Program Files (x86)\NVIDIA Corporation\PhysX\Common;C:\Users\lucas\AppData\Local\Microsoft\WindowsApps;C:\Program Files\nodejs\;C:\ProgramData\chocolatey\bin;C:\Program Files\NVIDIA Corporation\NVIDIA NvDLISR;C:\Program Files\Git\cmd;C:\Program Files\Docker\Docker\resources\bin;C:\ProgramData\DockerDesktop\version-bin;C:\Program Files\Java\jdk1.8.0_211\bin;C:\Android\Sdk\emulator;C:\Android\Sdk\tools;C:\Android\Sdk\tools\bin;C:\Android\Sdk\platform-tools;C:\Users\lucas\AppData\Local\Microsoft\WindowsApps;C:\Users\lucas\AppData\Local\Programs\Microsoft VS Code\bin;C:\Users\lucas\AppData\Roaming\npm;C:\Users\lucas\AppData\Local\Yarn\bin;

Yarn version: 
  1.22.4

Node version: 
  12.16.2

Platform: 
  win32 x64

Trace: 
  Error: canceled
      at Interface.<anonymous> (C:\Users\lucas\AppData\Roaming\npm\node_modules\yarn\lib\cli.js:137008:13)
      at Interface.emit (events.js:310:20)
      at Interface._ttyWrite (readline.js:893:16)
      at ReadStream.onkeypress (readline.js:198:10)
      at ReadStream.emit (events.js:310:20)
      at emitKeys (internal/readline/utils.js:438:14)
      at emitKeys.next (<anonymous>)
      at ReadStream.onData (readline.js:1160:36)
      at ReadStream.emit (events.js:310:20)
      at addChunk (_stream_readable.js:286:12)

npm manifest: 
  No manifest

yarn manifest: 
  No manifest

Lockfile: 
  No lockfile
